#
# There is insufficient memory for the Java Runtime Environment to continue.
# Native memory allocation (malloc) failed to allocate 33984 bytes for Chunk::new
# Possible reasons:
#   The system is out of physical RAM or swap space
#   The process is running with CompressedOops enabled, and the Java Heap may be blocking the growth of the native heap
# Possible solutions:
#   Reduce memory load on the system
#   Increase physical memory or swap space
#   Check if swap backing store is full
#   Decrease Java heap size (-Xmx/-Xms)
#   Decrease number of Java threads
#   Decrease Java thread stack sizes (-Xss)
#   Set larger code cache with -XX:ReservedCodeCacheSize=
#   JVM is running with Unscaled Compressed Oops mode in which the Java heap is
#     placed in the first 4GB address space. The Java Heap base address is the
#     maximum limit for the native heap growth. Please use -XX:HeapBaseMinAddress
#     to set the Java Heap base and to place the Java Heap above 4GB virtual address.
# This output file may be truncated or incomplete.
#
#  Out of Memory Error (arena.cpp:191), pid=9840, tid=13928
#
# JRE version: OpenJDK Runtime Environment Temurin-17.0.10+7 (17.0.10+7) (build 17.0.10+7)
# Java VM: OpenJDK 64-Bit Server VM Temurin-17.0.10+7 (17.0.10+7, mixed mode, tiered, compressed oops, compressed class ptrs, parallel gc, windows-amd64)
# No core dump will be written. Minidumps are not enabled by default on client versions of Windows
#

---------------  S U M M A R Y ------------

Command Line: --add-modules=ALL-SYSTEM --add-opens=java.base/java.util=ALL-UNNAMED --add-opens=java.base/java.lang=ALL-UNNAMED --add-opens=java.base/sun.nio.fs=ALL-UNNAMED -Declipse.application=org.eclipse.jdt.ls.core.id1 -Dosgi.bundles.defaultStartLevel=4 -Declipse.product=org.eclipse.jdt.ls.core.product -Djava.import.generatesMetadataFilesAtProjectRoot=false -DDetectVMInstallationsJob.disabled=true -Dfile.encoding=utf8 -XX:+UseParallelGC -XX:GCTimeRatio=4 -XX:AdaptiveSizePolicyWeight=90 -Dsun.zip.disableMemoryMapping=true -Xmx1G -Xms100m -Xlog:disable -javaagent:c:\Users\UserK\.vscode\extensions\redhat.java-1.28.1-win32-x64\lombok\lombok-1.18.31.jar -XX:+HeapDumpOnOutOfMemoryError -XX:HeapDumpPath=c:\Users\UserK\AppData\Roaming\Code\User\workspaceStorage\641e2baa106bb652277f1b18439bb259\redhat.java -Daether.dependencyCollector.impl=bf c:\Users\UserK\.vscode\extensions\redhat.java-1.28.1-win32-x64\server\plugins\org.eclipse.equinox.launcher_1.6.700.v20231214-2017.jar -configuration c:\Users\UserK\AppData\Roaming\Code\User\globalStorage\redhat.java\1.28.1\config_win -data c:\Users\UserK\AppData\Roaming\Code\User\workspaceStorage\641e2baa106bb652277f1b18439bb259\redhat.java\jdt_ws --stdio

Host: Intel(R) Core(TM) i5-10210U CPU @ 1.60GHz, 8 cores, 15G,  Windows 11 , 64 bit Build 22621 (10.0.22621.1635)
Time: Wed Mar  6 14:37:58 2024  Windows 11 , 64 bit Build 22621 (10.0.22621.1635) elapsed time: 307.076267 seconds (0d 0h 5m 7s)

---------------  T H R E A D  ---------------

Current thread (0x000001d818d4f3f0):  JavaThread "C2 CompilerThread0" daemon [_thread_in_native, id=13928, stack(0x000000503d400000,0x000000503d500000)]


Current CompileTask:
C2: 307076 9542       4       java.util.concurrent.locks.ReentrantLock::lock (8 bytes)

Stack: [0x000000503d400000,0x000000503d500000]
Native frames: (J=compiled Java code, j=interpreted, Vv=VM code, C=native code)
V  [jvm.dll+0x67d2c9]
V  [jvm.dll+0x834afa]
V  [jvm.dll+0x8365be]
V  [jvm.dll+0x836c23]
V  [jvm.dll+0x2477ff]
V  [jvm.dll+0xac514]
V  [jvm.dll+0xacb5c]
V  [jvm.dll+0x3667d7]
V  [jvm.dll+0x330bfa]
V  [jvm.dll+0x33009a]
V  [jvm.dll+0x219ef1]
V  [jvm.dll+0x219311]
V  [jvm.dll+0x1a502d]
V  [jvm.dll+0x2290de]
V  [jvm.dll+0x2272ac]
V  [jvm.dll+0x7e9bb7]
V  [jvm.dll+0x7e3fba]
V  [jvm.dll+0x67c1b5]
C  [ucrtbase.dll+0x29363]
C  [KERNEL32.DLL+0x126ad]
C  [ntdll.dll+0x5a9f8]


---------------  P R O C E S S  ---------------

Threads class SMR info:
_java_thread_list=0x000001d81b29cdf0, length=35, elements={
0x000001d87e1ca4d0, 0x000001d87e471020, 0x000001d87e4752a0, 0x000001d87e47b490,
0x000001d87e47bd60, 0x000001d87e47cdd0, 0x000001d87e47df30, 0x000001d818d4f3f0,
0x000001d818d50de0, 0x000001d87e278fd0, 0x000001d818e52040, 0x000001d8190308d0,
0x000001d81a76e8c0, 0x000001d81a733230, 0x000001d81a755f00, 0x000001d81a9c8bf0,
0x000001d81a6dd3b0, 0x000001d81a968800, 0x000001d81a969730, 0x000001d81a969c40,
0x000001d81a96a150, 0x000001d81a96a660, 0x000001d81a9673c0, 0x000001d81c674b60,
0x000001d81c672d00, 0x000001d81c673720, 0x000001d81c674140, 0x000001d81c671dd0,
0x000001d81c66fa60, 0x000001d81c675070, 0x000001d81c6722e0, 0x000001d81c675580,
0x000001d81c675a90, 0x000001d81c66e620, 0x000001d81c675fa0
}

Java Threads: ( => current thread )
  0x000001d87e1ca4d0 JavaThread "main" [_thread_blocked, id=16336, stack(0x000000503cb00000,0x000000503cc00000)]
  0x000001d87e471020 JavaThread "Reference Handler" daemon [_thread_blocked, id=16900, stack(0x000000503ce00000,0x000000503cf00000)]
  0x000001d87e4752a0 JavaThread "Finalizer" daemon [_thread_blocked, id=14320, stack(0x000000503cf00000,0x000000503d000000)]
  0x000001d87e47b490 JavaThread "Signal Dispatcher" daemon [_thread_blocked, id=12604, stack(0x000000503d000000,0x000000503d100000)]
  0x000001d87e47bd60 JavaThread "Attach Listener" daemon [_thread_blocked, id=13084, stack(0x000000503d100000,0x000000503d200000)]
  0x000001d87e47cdd0 JavaThread "Service Thread" daemon [_thread_blocked, id=11756, stack(0x000000503d200000,0x000000503d300000)]
  0x000001d87e47df30 JavaThread "Monitor Deflation Thread" daemon [_thread_blocked, id=16132, stack(0x000000503d300000,0x000000503d400000)]
=>0x000001d818d4f3f0 JavaThread "C2 CompilerThread0" daemon [_thread_in_native, id=13928, stack(0x000000503d400000,0x000000503d500000)]
  0x000001d818d50de0 JavaThread "C1 CompilerThread0" daemon [_thread_blocked, id=8256, stack(0x000000503d500000,0x000000503d600000)]
  0x000001d87e278fd0 JavaThread "Sweeper thread" daemon [_thread_blocked, id=4820, stack(0x000000503d600000,0x000000503d700000)]
  0x000001d818e52040 JavaThread "Common-Cleaner" daemon [_thread_blocked, id=15172, stack(0x000000503d700000,0x000000503d800000)]
  0x000001d8190308d0 JavaThread "Notification Thread" daemon [_thread_blocked, id=3332, stack(0x000000503d900000,0x000000503da00000)]
  0x000001d81a76e8c0 JavaThread "Active Thread: Equinox Container: 3761a0a9-3eae-4725-ad2e-177cec640168" [_thread_blocked, id=6956, stack(0x000000503e200000,0x000000503e300000)]
  0x000001d81a733230 JavaThread "Framework Event Dispatcher: Equinox Container: 3761a0a9-3eae-4725-ad2e-177cec640168" daemon [_thread_blocked, id=8672, stack(0x000000503e300000,0x000000503e400000)]
  0x000001d81a755f00 JavaThread "Start Level: Equinox Container: 3761a0a9-3eae-4725-ad2e-177cec640168" daemon [_thread_blocked, id=11532, stack(0x000000503e400000,0x000000503e500000)]
  0x000001d81a9c8bf0 JavaThread "Bundle File Closer" daemon [_thread_blocked, id=18352, stack(0x000000503e600000,0x000000503e700000)]
  0x000001d81a6dd3b0 JavaThread "SCR Component Actor" daemon [_thread_blocked, id=14072, stack(0x000000503e700000,0x000000503e800000)]
  0x000001d81a968800 JavaThread "Worker-JM" [_thread_blocked, id=1528, stack(0x000000503db00000,0x000000503dc00000)]
  0x000001d81a969730 JavaThread "Worker-1" [_thread_blocked, id=15844, stack(0x000000503ea00000,0x000000503eb00000)]
  0x000001d81a969c40 JavaThread "Java indexing" daemon [_thread_blocked, id=11616, stack(0x000000503ec00000,0x000000503ed00000)]
  0x000001d81a96a150 JavaThread "Worker-3" [_thread_blocked, id=8184, stack(0x000000503ee00000,0x000000503ef00000)]
  0x000001d81a96a660 JavaThread "JNA Cleaner" daemon [_thread_blocked, id=13144, stack(0x000000503ef00000,0x000000503f000000)]
  0x000001d81a9673c0 JavaThread "pool-2-thread-1" [_thread_blocked, id=17800, stack(0x000000503f200000,0x000000503f300000)]
  0x000001d81c674b60 JavaThread "WorkspaceEventsHandler" [_thread_blocked, id=15616, stack(0x000000503f300000,0x000000503f400000)]
  0x000001d81c672d00 JavaThread "pool-1-thread-1" [_thread_in_native, id=14940, stack(0x000000503f400000,0x000000503f500000)]
  0x000001d81c673720 JavaThread "pool-3-thread-1" [_thread_in_native, id=6888, stack(0x000000503f500000,0x000000503f600000)]
  0x000001d81c674140 JavaThread "ForkJoinPool.commonPool-worker-2" daemon [_thread_blocked, id=5256, stack(0x000000503f800000,0x000000503f900000)]
  0x000001d81c671dd0 JavaThread "ForkJoinPool.commonPool-worker-5" daemon [_thread_blocked, id=4044, stack(0x000000503fb00000,0x000000503fc00000)]
  0x000001d81c66fa60 JavaThread "ForkJoinPool.commonPool-worker-6" daemon [_thread_blocked, id=708, stack(0x000000503fc00000,0x000000503fd00000)]
  0x000001d81c675070 JavaThread "Java Debug Server" daemon [_thread_in_native, id=7812, stack(0x000000503d800000,0x000000503d900000)]
  0x000001d81c6722e0 JavaThread "pool-4-thread-1" [_thread_in_native, id=18216, stack(0x000000503fd00000,0x000000503fe00000)]
  0x000001d81c675580 JavaThread "RxSchedulerPurge-1" daemon [_thread_blocked, id=13812, stack(0x000000503ff00000,0x0000005040000000)]
  0x000001d81c675a90 JavaThread "RxCachedWorkerPoolEvictor-1" daemon [_thread_blocked, id=15644, stack(0x0000005040000000,0x0000005040100000)]
  0x000001d81c66e620 JavaThread "RxNewThreadScheduler-1" daemon [_thread_blocked, id=8856, stack(0x0000005040100000,0x0000005040200000)]
  0x000001d81c675fa0 JavaThread "process reaper (pid 8676)" daemon [_thread_in_native, id=8924, stack(0x000000503c5e0000,0x000000503c600000)]

Other Threads:
  0x000001d87e278b90 VMThread "VM Thread" [stack: 0x000000503cd00000,0x000000503ce00000] [id=9168]
  0x000001d819030db0 WatcherThread [stack: 0x000000503da00000,0x000000503db00000] [id=9792]
  0x000001d87e1e0400 GCTaskThread "GC Thread#0" [stack: 0x000000503cc00000,0x000000503cd00000] [id=17348]
  0x000001d81a660c90 GCTaskThread "GC Thread#1" [stack: 0x000000503dc00000,0x000000503dd00000] [id=9616]
  0x000001d81a411d90 GCTaskThread "GC Thread#2" [stack: 0x000000503dd00000,0x000000503de00000] [id=2096]
  0x000001d81a481490 GCTaskThread "GC Thread#3" [stack: 0x000000503de00000,0x000000503df00000] [id=10916]
  0x000001d81a481750 GCTaskThread "GC Thread#4" [stack: 0x000000503df00000,0x000000503e000000] [id=8344]
  0x000001d81a481a10 GCTaskThread "GC Thread#5" [stack: 0x000000503e000000,0x000000503e100000] [id=17592]
  0x000001d81a481cd0 GCTaskThread "GC Thread#6" [stack: 0x000000503e100000,0x000000503e200000] [id=9564]
  0x000001d81a5057d0 GCTaskThread "GC Thread#7" [stack: 0x000000503e500000,0x000000503e600000] [id=17452]

Threads with active compile tasks:
C2 CompilerThread0   307113 9542       4       java.util.concurrent.locks.ReentrantLock::lock (8 bytes)

VM state: not at safepoint (normal execution)

VM Mutex/Monitor currently owned by a thread: None

Heap address: 0x00000000c0000000, size: 1024 MB, Compressed Oops mode: 32-bit

CDS archive(s) not mapped
Compressed class space mapped at: 0x0000000100000000-0x0000000140000000, reserved size: 1073741824
Narrow klass base: 0x0000000000000000, Narrow klass shift: 3, Narrow klass range: 0x140000000

GC Precious Log:
 CPUs: 8 total, 8 available
 Memory: 16198M
 Large Page Support: Disabled
 NUMA Support: Disabled
 Compressed Oops: Enabled (32-bit)
 Alignments: Space 512K, Generation 512K, Heap 2M
 Heap Min Capacity: 100M
 Heap Initial Capacity: 100M
 Heap Max Capacity: 1G
 Pre-touch: Disabled
 Parallel Workers: 8

Heap:
 PSYoungGen      total 4096K, used 3786K [0x00000000eab00000, 0x00000000eb000000, 0x0000000100000000)
  eden space 3072K, 92% used [0x00000000eab00000,0x00000000eadca3b8,0x00000000eae00000)
  from space 1024K, 90% used [0x00000000eaf00000,0x00000000eafe8490,0x00000000eb000000)
  to   space 1024K, 0% used [0x00000000eae00000,0x00000000eae00000,0x00000000eaf00000)
 ParOldGen       total 232960K, used 210588K [0x00000000c0000000, 0x00000000ce380000, 0x00000000eab00000)
  object space 232960K, 90% used [0x00000000c0000000,0x00000000ccda7348,0x00000000ce380000)
 Metaspace       used 66825K, committed 67968K, reserved 1114112K
  class space    used 7224K, committed 7744K, reserved 1048576K

Card table byte_map: [0x000001d87db90000,0x000001d87dda0000] _byte_map_base: 0x000001d87d590000

Marking Bits: (ParMarkBitMap*) 0x00007fff7e76d7d0
 Begin Bits: [0x000001d811be0000, 0x000001d812be0000)
 End Bits:   [0x000001d812be0000, 0x000001d813be0000)

Polling page: 0x000001d87d980000

Metaspace:

Usage:
  Non-class:     58.20 MB used.
      Class:      7.06 MB used.
       Both:     65.26 MB used.

Virtual space:
  Non-class space:       64.00 MB reserved,      58.81 MB ( 92%) committed,  1 nodes.
      Class space:        1.00 GB reserved,       7.56 MB ( <1%) committed,  1 nodes.
             Both:        1.06 GB reserved,      66.38 MB (  6%) committed. 

Chunk freelists:
   Non-Class:  4.28 MB
       Class:  8.48 MB
        Both:  12.76 MB

MaxMetaspaceSize: unlimited
CompressedClassSpaceSize: 1.00 GB
Initial GC threshold: 21.00 MB
Current GC threshold: 102.31 MB
CDS: off
MetaspaceReclaimPolicy: balanced
 - commit_granule_bytes: 65536.
 - commit_granule_words: 8192.
 - virtual_space_node_default_size: 8388608.
 - enlarge_chunks_in_place: 1.
 - new_chunks_are_fully_committed: 0.
 - uncommit_free_chunks: 1.
 - use_allocation_guard: 0.
 - handle_deallocations: 1.


Internal statistics:

num_allocs_failed_limit: 6.
num_arena_births: 644.
num_arena_deaths: 14.
num_vsnodes_births: 2.
num_vsnodes_deaths: 0.
num_space_committed: 1062.
num_space_uncommitted: 0.
num_chunks_returned_to_freelist: 20.
num_chunks_taken_from_freelist: 3295.
num_chunk_merges: 11.
num_chunk_splits: 2096.
num_chunks_enlarged: 1274.
num_inconsistent_stats: 0.

CodeHeap 'non-profiled nmethods': size=120000Kb used=7105Kb max_used=7105Kb free=112894Kb
 bounds [0x000001d80a6b0000, 0x000001d80adb0000, 0x000001d811be0000]
CodeHeap 'profiled nmethods': size=120000Kb used=15815Kb max_used=15815Kb free=104184Kb
 bounds [0x000001d802be0000, 0x000001d803b60000, 0x000001d80a110000]
CodeHeap 'non-nmethods': size=5760Kb used=1357Kb max_used=1465Kb free=4402Kb
 bounds [0x000001d80a110000, 0x000001d80a380000, 0x000001d80a6b0000]
 total_blobs=8265 nmethods=7559 adapters=620
 compilation: enabled
              stopped_count=0, restarted_count=0
 full_count=0

Compilation events (20 events):
Event: 262.893 Thread 0x000001d818d50de0 nmethod 9532 0x000001d803b49190 code [0x000001d803b49660, 0x000001d803b4c238]
Event: 263.056 Thread 0x000001d818d50de0 9533       3       java.util.concurrent.locks.AbstractQueuedSynchronizer$ConditionObject::unlinkCancelledWaiters (91 bytes)
Event: 263.057 Thread 0x000001d818d50de0 nmethod 9533 0x000001d803b4d290 code [0x000001d803b4d440, 0x000001d803b4d818]
Event: 284.332 Thread 0x000001d818d50de0 9534       3       sun.nio.fs.WindowsFileSystemProvider::getPath (9 bytes)
Event: 284.332 Thread 0x000001d818d50de0 nmethod 9534 0x000001d803b4d990 code [0x000001d803b4db20, 0x000001d803b4dc68]
Event: 284.332 Thread 0x000001d818d50de0 9535       3       sun.nio.fs.WindowsUriSupport::fromUri (312 bytes)
Event: 284.336 Thread 0x000001d818d50de0 nmethod 9535 0x000001d803b4dd10 code [0x000001d803b4e260, 0x000001d803b508a8]
Event: 294.054 Thread 0x000001d818d50de0 9536       3       java.util.concurrent.ConcurrentHashMap::keySet (5 bytes)
Event: 294.055 Thread 0x000001d818d50de0 nmethod 9536 0x000001d803b51610 code [0x000001d803b517c0, 0x000001d803b51908]
Event: 303.055 Thread 0x000001d818d50de0 9537       3       io.reactivex.internal.schedulers.SchedulerPoolFactory$ScheduledTask::run (66 bytes)
Event: 303.056 Thread 0x000001d818d50de0 nmethod 9537 0x000001d803b51a10 code [0x000001d803b51c60, 0x000001d803b527e8]
Event: 303.370 Thread 0x000001d818d50de0 9538       3       org.eclipse.core.internal.jobs.DeadlockDetector::indexOf (43 bytes)
Event: 303.371 Thread 0x000001d818d50de0 nmethod 9538 0x000001d803b52b90 code [0x000001d803b52d80, 0x000001d803b53518]
Event: 303.371 Thread 0x000001d818d50de0 9540       3       org.eclipse.core.internal.dtree.AbstractDataTreeNode::storeStrings (42 bytes)
Event: 303.372 Thread 0x000001d818d50de0 nmethod 9540 0x000001d803b53810 code [0x000001d803b539e0, 0x000001d803b53d58]
Event: 303.372 Thread 0x000001d818d50de0 9539       3       org.eclipse.core.internal.utils.StringPool::add (50 bytes)
Event: 303.372 Thread 0x000001d818d50de0 nmethod 9539 0x000001d803b53f10 code [0x000001d803b540e0, 0x000001d803b545a8]
Event: 303.372 Thread 0x000001d818d50de0 9541       3       org.eclipse.core.internal.resources.ResourceInfo::shareStrings (43 bytes)
Event: 303.372 Thread 0x000001d818d50de0 nmethod 9541 0x000001d803b54790 code [0x000001d803b54960, 0x000001d803b54c28]
Event: 307.064 Thread 0x000001d818d4f3f0 9542       4       java.util.concurrent.locks.ReentrantLock::lock (8 bytes)

GC Heap History (20 events):
Event: 31.417 GC heap before
{Heap before GC invocations=457 (full 16):
 PSYoungGen      total 3584K, used 3416K [0x00000000eab00000, 0x00000000eb000000, 0x0000000100000000)
  eden space 3072K, 99% used [0x00000000eab00000,0x00000000eadfe118,0x00000000eae00000)
  from space 512K, 68% used [0x00000000eaf80000,0x00000000eafd8000,0x00000000eb000000)
  to   space 1024K, 0% used [0x00000000eae00000,0x00000000eae00000,0x00000000eaf00000)
 ParOldGen       total 232960K, used 210394K [0x00000000c0000000, 0x00000000ce380000, 0x00000000eab00000)
  object space 232960K, 90% used [0x00000000c0000000,0x00000000ccd76a78,0x00000000ce380000)
 Metaspace       used 63348K, committed 64448K, reserved 1114112K
  class space    used 6757K, committed 7232K, reserved 1048576K
}
Event: 31.419 GC heap after
{Heap after GC invocations=457 (full 16):
 PSYoungGen      total 4096K, used 928K [0x00000000eab00000, 0x00000000eb100000, 0x0000000100000000)
  eden space 3072K, 0% used [0x00000000eab00000,0x00000000eab00000,0x00000000eae00000)
  from space 1024K, 90% used [0x00000000eae00000,0x00000000eaee8030,0x00000000eaf00000)
  to   space 1536K, 0% used [0x00000000eaf80000,0x00000000eaf80000,0x00000000eb100000)
 ParOldGen       total 232960K, used 210572K [0x00000000c0000000, 0x00000000ce380000, 0x00000000eab00000)
  object space 232960K, 90% used [0x00000000c0000000,0x00000000ccda3348,0x00000000ce380000)
 Metaspace       used 63348K, committed 64448K, reserved 1114112K
  class space    used 6757K, committed 7232K, reserved 1048576K
}
Event: 46.695 GC heap before
{Heap before GC invocations=458 (full 16):
 PSYoungGen      total 4096K, used 4000K [0x00000000eab00000, 0x00000000eb100000, 0x0000000100000000)
  eden space 3072K, 100% used [0x00000000eab00000,0x00000000eae00000,0x00000000eae00000)
  from space 1024K, 90% used [0x00000000eae00000,0x00000000eaee8030,0x00000000eaf00000)
  to   space 1536K, 0% used [0x00000000eaf80000,0x00000000eaf80000,0x00000000eb100000)
 ParOldGen       total 232960K, used 210572K [0x00000000c0000000, 0x00000000ce380000, 0x00000000eab00000)
  object space 232960K, 90% used [0x00000000c0000000,0x00000000ccda3348,0x00000000ce380000)
 Metaspace       used 63531K, committed 64640K, reserved 1114112K
  class space    used 6783K, committed 7296K, reserved 1048576K
}
Event: 46.698 GC heap after
{Heap after GC invocations=458 (full 16):
 PSYoungGen      total 3584K, used 464K [0x00000000eab00000, 0x00000000eb000000, 0x0000000100000000)
  eden space 3072K, 0% used [0x00000000eab00000,0x00000000eab00000,0x00000000eae00000)
  from space 512K, 90% used [0x00000000eaf80000,0x00000000eaff4030,0x00000000eb000000)
  to   space 1024K, 0% used [0x00000000eae00000,0x00000000eae00000,0x00000000eaf00000)
 ParOldGen       total 232960K, used 210580K [0x00000000c0000000, 0x00000000ce380000, 0x00000000eab00000)
  object space 232960K, 90% used [0x00000000c0000000,0x00000000ccda5348,0x00000000ce380000)
 Metaspace       used 63531K, committed 64640K, reserved 1114112K
  class space    used 6783K, committed 7296K, reserved 1048576K
}
Event: 46.828 GC heap before
{Heap before GC invocations=459 (full 16):
 PSYoungGen      total 3584K, used 3522K [0x00000000eab00000, 0x00000000eb000000, 0x0000000100000000)
  eden space 3072K, 99% used [0x00000000eab00000,0x00000000eadfc9a8,0x00000000eae00000)
  from space 512K, 90% used [0x00000000eaf80000,0x00000000eaff4030,0x00000000eb000000)
  to   space 1024K, 0% used [0x00000000eae00000,0x00000000eae00000,0x00000000eaf00000)
 ParOldGen       total 232960K, used 210580K [0x00000000c0000000, 0x00000000ce380000, 0x00000000eab00000)
  object space 232960K, 90% used [0x00000000c0000000,0x00000000ccda5348,0x00000000ce380000)
 Metaspace       used 64042K, committed 65088K, reserved 1114112K
  class space    used 6834K, committed 7296K, reserved 1048576K
}
Event: 46.833 GC heap after
{Heap after GC invocations=459 (full 16):
 PSYoungGen      total 4096K, used 512K [0x00000000eab00000, 0x00000000eb000000, 0x0000000100000000)
  eden space 3072K, 0% used [0x00000000eab00000,0x00000000eab00000,0x00000000eae00000)
  from space 1024K, 50% used [0x00000000eae00000,0x00000000eae80000,0x00000000eaf00000)
  to   space 1024K, 0% used [0x00000000eaf00000,0x00000000eaf00000,0x00000000eb000000)
 ParOldGen       total 232960K, used 210588K [0x00000000c0000000, 0x00000000ce380000, 0x00000000eab00000)
  object space 232960K, 90% used [0x00000000c0000000,0x00000000ccda7348,0x00000000ce380000)
 Metaspace       used 64042K, committed 65088K, reserved 1114112K
  class space    used 6834K, committed 7296K, reserved 1048576K
}
Event: 46.893 GC heap before
{Heap before GC invocations=460 (full 16):
 PSYoungGen      total 4096K, used 3571K [0x00000000eab00000, 0x00000000eb000000, 0x0000000100000000)
  eden space 3072K, 99% used [0x00000000eab00000,0x00000000eadfcca0,0x00000000eae00000)
  from space 1024K, 50% used [0x00000000eae00000,0x00000000eae80000,0x00000000eaf00000)
  to   space 1024K, 0% used [0x00000000eaf00000,0x00000000eaf00000,0x00000000eb000000)
 ParOldGen       total 232960K, used 210588K [0x00000000c0000000, 0x00000000ce380000, 0x00000000eab00000)
  object space 232960K, 90% used [0x00000000c0000000,0x00000000ccda7348,0x00000000ce380000)
 Metaspace       used 64570K, committed 65664K, reserved 1114112K
  class space    used 6871K, committed 7360K, reserved 1048576K
}
Event: 46.896 GC heap after
{Heap after GC invocations=460 (full 16):
 PSYoungGen      total 4096K, used 658K [0x00000000eab00000, 0x00000000eb000000, 0x0000000100000000)
  eden space 3072K, 0% used [0x00000000eab00000,0x00000000eab00000,0x00000000eae00000)
  from space 1024K, 64% used [0x00000000eaf00000,0x00000000eafa4b08,0x00000000eb000000)
  to   space 1024K, 0% used [0x00000000eae00000,0x00000000eae00000,0x00000000eaf00000)
 ParOldGen       total 232960K, used 210588K [0x00000000c0000000, 0x00000000ce380000, 0x00000000eab00000)
  object space 232960K, 90% used [0x00000000c0000000,0x00000000ccda7348,0x00000000ce380000)
 Metaspace       used 64570K, committed 65664K, reserved 1114112K
  class space    used 6871K, committed 7360K, reserved 1048576K
}
Event: 46.932 GC heap before
{Heap before GC invocations=461 (full 16):
 PSYoungGen      total 4096K, used 3730K [0x00000000eab00000, 0x00000000eb000000, 0x0000000100000000)
  eden space 3072K, 100% used [0x00000000eab00000,0x00000000eae00000,0x00000000eae00000)
  from space 1024K, 64% used [0x00000000eaf00000,0x00000000eafa4b08,0x00000000eb000000)
  to   space 1024K, 0% used [0x00000000eae00000,0x00000000eae00000,0x00000000eaf00000)
 ParOldGen       total 232960K, used 210588K [0x00000000c0000000, 0x00000000ce380000, 0x00000000eab00000)
  object space 232960K, 90% used [0x00000000c0000000,0x00000000ccda7348,0x00000000ce380000)
 Metaspace       used 64858K, committed 65984K, reserved 1114112K
  class space    used 6921K, committed 7424K, reserved 1048576K
}
Event: 46.935 GC heap after
{Heap after GC invocations=461 (full 16):
 PSYoungGen      total 4096K, used 689K [0x00000000eab00000, 0x00000000eb000000, 0x0000000100000000)
  eden space 3072K, 0% used [0x00000000eab00000,0x00000000eab00000,0x00000000eae00000)
  from space 1024K, 67% used [0x00000000eae00000,0x00000000eaeac480,0x00000000eaf00000)
  to   space 1024K, 0% used [0x00000000eaf00000,0x00000000eaf00000,0x00000000eb000000)
 ParOldGen       total 232960K, used 210588K [0x00000000c0000000, 0x00000000ce380000, 0x00000000eab00000)
  object space 232960K, 90% used [0x00000000c0000000,0x00000000ccda7348,0x00000000ce380000)
 Metaspace       used 64858K, committed 65984K, reserved 1114112K
  class space    used 6921K, committed 7424K, reserved 1048576K
}
Event: 47.005 GC heap before
{Heap before GC invocations=462 (full 16):
 PSYoungGen      total 4096K, used 3761K [0x00000000eab00000, 0x00000000eb000000, 0x0000000100000000)
  eden space 3072K, 100% used [0x00000000eab00000,0x00000000eae00000,0x00000000eae00000)
  from space 1024K, 67% used [0x00000000eae00000,0x00000000eaeac480,0x00000000eaf00000)
  to   space 1024K, 0% used [0x00000000eaf00000,0x00000000eaf00000,0x00000000eb000000)
 ParOldGen       total 232960K, used 210588K [0x00000000c0000000, 0x00000000ce380000, 0x00000000eab00000)
  object space 232960K, 90% used [0x00000000c0000000,0x00000000ccda7348,0x00000000ce380000)
 Metaspace       used 65256K, committed 66304K, reserved 1114112K
  class space    used 6965K, committed 7424K, reserved 1048576K
}
Event: 47.007 GC heap after
{Heap after GC invocations=462 (full 16):
 PSYoungGen      total 4096K, used 810K [0x00000000eab00000, 0x00000000eb000000, 0x0000000100000000)
  eden space 3072K, 0% used [0x00000000eab00000,0x00000000eab00000,0x00000000eae00000)
  from space 1024K, 79% used [0x00000000eaf00000,0x00000000eafca980,0x00000000eb000000)
  to   space 1024K, 0% used [0x00000000eae00000,0x00000000eae00000,0x00000000eaf00000)
 ParOldGen       total 232960K, used 210588K [0x00000000c0000000, 0x00000000ce380000, 0x00000000eab00000)
  object space 232960K, 90% used [0x00000000c0000000,0x00000000ccda7348,0x00000000ce380000)
 Metaspace       used 65256K, committed 66304K, reserved 1114112K
  class space    used 6965K, committed 7424K, reserved 1048576K
}
Event: 47.083 GC heap before
{Heap before GC invocations=463 (full 16):
 PSYoungGen      total 4096K, used 3882K [0x00000000eab00000, 0x00000000eb000000, 0x0000000100000000)
  eden space 3072K, 100% used [0x00000000eab00000,0x00000000eae00000,0x00000000eae00000)
  from space 1024K, 79% used [0x00000000eaf00000,0x00000000eafca980,0x00000000eb000000)
  to   space 1024K, 0% used [0x00000000eae00000,0x00000000eae00000,0x00000000eaf00000)
 ParOldGen       total 232960K, used 210588K [0x00000000c0000000, 0x00000000ce380000, 0x00000000eab00000)
  object space 232960K, 90% used [0x00000000c0000000,0x00000000ccda7348,0x00000000ce380000)
 Metaspace       used 65595K, committed 66688K, reserved 1114112K
  class space    used 7026K, committed 7488K, reserved 1048576K
}
Event: 47.086 GC heap after
{Heap after GC invocations=463 (full 16):
 PSYoungGen      total 4096K, used 817K [0x00000000eab00000, 0x00000000eb000000, 0x0000000100000000)
  eden space 3072K, 0% used [0x00000000eab00000,0x00000000eab00000,0x00000000eae00000)
  from space 1024K, 79% used [0x00000000eae00000,0x00000000eaecc480,0x00000000eaf00000)
  to   space 1024K, 0% used [0x00000000eaf00000,0x00000000eaf00000,0x00000000eb000000)
 ParOldGen       total 232960K, used 210588K [0x00000000c0000000, 0x00000000ce380000, 0x00000000eab00000)
  object space 232960K, 90% used [0x00000000c0000000,0x00000000ccda7348,0x00000000ce380000)
 Metaspace       used 65595K, committed 66688K, reserved 1114112K
  class space    used 7026K, committed 7488K, reserved 1048576K
}
Event: 47.107 GC heap before
{Heap before GC invocations=464 (full 16):
 PSYoungGen      total 4096K, used 3889K [0x00000000eab00000, 0x00000000eb000000, 0x0000000100000000)
  eden space 3072K, 100% used [0x00000000eab00000,0x00000000eae00000,0x00000000eae00000)
  from space 1024K, 79% used [0x00000000eae00000,0x00000000eaecc480,0x00000000eaf00000)
  to   space 1024K, 0% used [0x00000000eaf00000,0x00000000eaf00000,0x00000000eb000000)
 ParOldGen       total 232960K, used 210588K [0x00000000c0000000, 0x00000000ce380000, 0x00000000eab00000)
  object space 232960K, 90% used [0x00000000c0000000,0x00000000ccda7348,0x00000000ce380000)
 Metaspace       used 65822K, committed 66880K, reserved 1114112K
  class space    used 7087K, committed 7552K, reserved 1048576K
}
Event: 47.109 GC heap after
{Heap after GC invocations=464 (full 16):
 PSYoungGen      total 4096K, used 833K [0x00000000eab00000, 0x00000000eb000000, 0x0000000100000000)
  eden space 3072K, 0% used [0x00000000eab00000,0x00000000eab00000,0x00000000eae00000)
  from space 1024K, 81% used [0x00000000eaf00000,0x00000000eafd0490,0x00000000eb000000)
  to   space 1024K, 0% used [0x00000000eae00000,0x00000000eae00000,0x00000000eaf00000)
 ParOldGen       total 232960K, used 210588K [0x00000000c0000000, 0x00000000ce380000, 0x00000000eab00000)
  object space 232960K, 90% used [0x00000000c0000000,0x00000000ccda7348,0x00000000ce380000)
 Metaspace       used 65822K, committed 66880K, reserved 1114112K
  class space    used 7087K, committed 7552K, reserved 1048576K
}
Event: 47.145 GC heap before
{Heap before GC invocations=465 (full 16):
 PSYoungGen      total 4096K, used 3905K [0x00000000eab00000, 0x00000000eb000000, 0x0000000100000000)
  eden space 3072K, 100% used [0x00000000eab00000,0x00000000eae00000,0x00000000eae00000)
  from space 1024K, 81% used [0x00000000eaf00000,0x00000000eafd0490,0x00000000eb000000)
  to   space 1024K, 0% used [0x00000000eae00000,0x00000000eae00000,0x00000000eaf00000)
 ParOldGen       total 232960K, used 210588K [0x00000000c0000000, 0x00000000ce380000, 0x00000000eab00000)
  object space 232960K, 90% used [0x00000000c0000000,0x00000000ccda7348,0x00000000ce380000)
 Metaspace       used 66159K, committed 67264K, reserved 1114112K
  class space    used 7148K, committed 7616K, reserved 1048576K
}
Event: 47.147 GC heap after
{Heap after GC invocations=465 (full 16):
 PSYoungGen      total 4096K, used 817K [0x00000000eab00000, 0x00000000eb000000, 0x0000000100000000)
  eden space 3072K, 0% used [0x00000000eab00000,0x00000000eab00000,0x00000000eae00000)
  from space 1024K, 79% used [0x00000000eae00000,0x00000000eaecc4a0,0x00000000eaf00000)
  to   space 1024K, 0% used [0x00000000eaf00000,0x00000000eaf00000,0x00000000eb000000)
 ParOldGen       total 232960K, used 210588K [0x00000000c0000000, 0x00000000ce380000, 0x00000000eab00000)
  object space 232960K, 90% used [0x00000000c0000000,0x00000000ccda7348,0x00000000ce380000)
 Metaspace       used 66159K, committed 67264K, reserved 1114112K
  class space    used 7148K, committed 7616K, reserved 1048576K
}
Event: 47.217 GC heap before
{Heap before GC invocations=466 (full 16):
 PSYoungGen      total 4096K, used 3889K [0x00000000eab00000, 0x00000000eb000000, 0x0000000100000000)
  eden space 3072K, 100% used [0x00000000eab00000,0x00000000eae00000,0x00000000eae00000)
  from space 1024K, 79% used [0x00000000eae00000,0x00000000eaecc4a0,0x00000000eaf00000)
  to   space 1024K, 0% used [0x00000000eaf00000,0x00000000eaf00000,0x00000000eb000000)
 ParOldGen       total 232960K, used 210588K [0x00000000c0000000, 0x00000000ce380000, 0x00000000eab00000)
  object space 232960K, 90% used [0x00000000c0000000,0x00000000ccda7348,0x00000000ce380000)
 Metaspace       used 66581K, committed 67712K, reserved 1114112K
  class space    used 7191K, committed 7680K, reserved 1048576K
}
Event: 47.219 GC heap after
{Heap after GC invocations=466 (full 16):
 PSYoungGen      total 4096K, used 929K [0x00000000eab00000, 0x00000000eb000000, 0x0000000100000000)
  eden space 3072K, 0% used [0x00000000eab00000,0x00000000eab00000,0x00000000eae00000)
  from space 1024K, 90% used [0x00000000eaf00000,0x00000000eafe8490,0x00000000eb000000)
  to   space 1024K, 0% used [0x00000000eae00000,0x00000000eae00000,0x00000000eaf00000)
 ParOldGen       total 232960K, used 210588K [0x00000000c0000000, 0x00000000ce380000, 0x00000000eab00000)
  object space 232960K, 90% used [0x00000000c0000000,0x00000000ccda7348,0x00000000ce380000)
 Metaspace       used 66581K, committed 67712K, reserved 1114112K
  class space    used 7191K, committed 7680K, reserved 1048576K
}

Dll operation events (11 events):
Event: 0.007 Loaded shared library c:\Users\UserK\.vscode\extensions\redhat.java-1.28.1-win32-x64\jre\17.0.10-win32-x86_64\bin\java.dll
Event: 0.164 Loaded shared library c:\Users\UserK\.vscode\extensions\redhat.java-1.28.1-win32-x64\jre\17.0.10-win32-x86_64\bin\zip.dll
Event: 0.169 Loaded shared library C:\Users\UserK\.vscode\extensions\redhat.java-1.28.1-win32-x64\jre\17.0.10-win32-x86_64\bin\instrument.dll
Event: 0.182 Loaded shared library C:\Users\UserK\.vscode\extensions\redhat.java-1.28.1-win32-x64\jre\17.0.10-win32-x86_64\bin\net.dll
Event: 0.184 Loaded shared library C:\Users\UserK\.vscode\extensions\redhat.java-1.28.1-win32-x64\jre\17.0.10-win32-x86_64\bin\nio.dll
Event: 0.194 Loaded shared library C:\Users\UserK\.vscode\extensions\redhat.java-1.28.1-win32-x64\jre\17.0.10-win32-x86_64\bin\zip.dll
Event: 0.217 Loaded shared library C:\Users\UserK\.vscode\extensions\redhat.java-1.28.1-win32-x64\jre\17.0.10-win32-x86_64\bin\jimage.dll
Event: 0.304 Loaded shared library c:\Users\UserK\.vscode\extensions\redhat.java-1.28.1-win32-x64\jre\17.0.10-win32-x86_64\bin\verify.dll
Event: 1.562 Loaded shared library C:\Users\UserK\AppData\Roaming\Code\User\globalStorage\redhat.java\1.28.1\config_win\org.eclipse.equinox.launcher\org.eclipse.equinox.launcher.win32.win32.x86_64_1.2.900.v20240129-1338\eclipse_11900.dll
Event: 5.774 Loaded shared library C:\Users\UserK\AppData\Local\Temp\jna-82025920\jna4257404451970277032.dll
Event: 46.779 Loaded shared library C:\Users\UserK\.vscode\extensions\redhat.java-1.28.1-win32-x64\jre\17.0.10-win32-x86_64\bin\extnet.dll

Deoptimization events (20 events):
Event: 48.592 Thread 0x000001d81c66ff70 Uncommon trap: trap_request=0xffffff45 fr.pc=0x000001d80a9cf650 relative=0x0000000000000050
Event: 48.592 Thread 0x000001d81c66ff70 Uncommon trap: reason=unstable_if action=reinterpret pc=0x000001d80a9cf650 method=java.util.stream.StreamOpFlag.fromCharacteristics(Ljava/util/Spliterator;)I @ 10 c2
Event: 48.592 Thread 0x000001d81c66ff70 DEOPT PACKING pc=0x000001d80a9cf650 sp=0x000000503fefed00
Event: 48.592 Thread 0x000001d81c66ff70 DEOPT UNPACKING pc=0x000001d80a1666a3 sp=0x000000503fefec98 mode 2
Event: 48.593 Thread 0x000001d81c66ff70 Uncommon trap: trap_request=0xffffff45 fr.pc=0x000001d80aae5fc8 relative=0x0000000000000208
Event: 48.593 Thread 0x000001d81c66ff70 Uncommon trap: reason=unstable_if action=reinterpret pc=0x000001d80aae5fc8 method=sun.nio.fs.WindowsPath.normalize()Lsun/nio/fs/WindowsPath; @ 63 c2
Event: 48.593 Thread 0x000001d81c66ff70 DEOPT PACKING pc=0x000001d80aae5fc8 sp=0x000000503fefed00
Event: 48.593 Thread 0x000001d81c66ff70 DEOPT UNPACKING pc=0x000001d80a1666a3 sp=0x000000503fefec68 mode 2
Event: 48.808 Thread 0x000001d81c6722e0 Uncommon trap: trap_request=0xffffffde fr.pc=0x000001d80aaf1334 relative=0x0000000000000314
Event: 48.808 Thread 0x000001d81c6722e0 Uncommon trap: reason=class_check action=maybe_recompile pc=0x000001d80aaf1334 method=java.nio.ByteBuffer.getArray(I[BII)Ljava/nio/ByteBuffer; @ 49 c2
Event: 48.808 Thread 0x000001d81c6722e0 DEOPT PACKING pc=0x000001d80aaf1334 sp=0x000000503fdfeb80
Event: 48.808 Thread 0x000001d81c6722e0 DEOPT UNPACKING pc=0x000001d80a1666a3 sp=0x000000503fdfeb20 mode 2
Event: 48.812 Thread 0x000001d81c66e620 Uncommon trap: trap_request=0xffffff45 fr.pc=0x000001d80ac32a1c relative=0x0000000000001b7c
Event: 48.812 Thread 0x000001d81c66e620 Uncommon trap: reason=unstable_if action=reinterpret pc=0x000001d80ac32a1c method=com.google.gson.stream.JsonWriter.string(Ljava/lang/String;)V @ 57 c2
Event: 48.812 Thread 0x000001d81c66e620 DEOPT PACKING pc=0x000001d80ac32a1c sp=0x00000050401fd930
Event: 48.812 Thread 0x000001d81c66e620 DEOPT UNPACKING pc=0x000001d80a1666a3 sp=0x00000050401fd938 mode 2
Event: 48.812 Thread 0x000001d81c66e620 Uncommon trap: trap_request=0xffffff45 fr.pc=0x000001d80a7eeaf0 relative=0x00000000000005b0
Event: 48.812 Thread 0x000001d81c66e620 Uncommon trap: reason=unstable_if action=reinterpret pc=0x000001d80a7eeaf0 method=java.lang.AbstractStringBuilder.appendChars(Ljava/lang/String;II)V @ 11 c2
Event: 48.812 Thread 0x000001d81c66e620 DEOPT PACKING pc=0x000001d80a7eeaf0 sp=0x00000050401fd830
Event: 48.812 Thread 0x000001d81c66e620 DEOPT UNPACKING pc=0x000001d80a1666a3 sp=0x00000050401fd770 mode 2

Classes unloaded (7 events):
Event: 5.385 Thread 0x000001d87e278b90 Unloading class 0x0000000100258400 'java/lang/invoke/LambdaForm$MH+0x0000000100258400'
Event: 5.385 Thread 0x000001d87e278b90 Unloading class 0x0000000100258000 'java/lang/invoke/LambdaForm$MH+0x0000000100258000'
Event: 5.385 Thread 0x000001d87e278b90 Unloading class 0x0000000100257c00 'java/lang/invoke/LambdaForm$MH+0x0000000100257c00'
Event: 5.385 Thread 0x000001d87e278b90 Unloading class 0x0000000100257800 'java/lang/invoke/LambdaForm$MH+0x0000000100257800'
Event: 5.385 Thread 0x000001d87e278b90 Unloading class 0x0000000100257400 'java/lang/invoke/LambdaForm$BMH+0x0000000100257400'
Event: 5.385 Thread 0x000001d87e278b90 Unloading class 0x0000000100257000 'java/lang/invoke/LambdaForm$DMH+0x0000000100257000'
Event: 5.385 Thread 0x000001d87e278b90 Unloading class 0x0000000100254400 'java/lang/invoke/LambdaForm$DMH+0x0000000100254400'

Classes redefined (0 events):
No events

Internal exceptions (20 events):
Event: 28.062 Thread 0x000001d81a969c40 Exception <a 'sun/nio/fs/WindowsException'{0x00000000eab62c50}> (0x00000000eab62c50) 
thrown [s\src\hotspot\share\prims\jni.cpp, line 516]
Event: 28.069 Thread 0x000001d81a969c40 Exception <a 'sun/nio/fs/WindowsException'{0x00000000ead104f0}> (0x00000000ead104f0) 
thrown [s\src\hotspot\share\prims\jni.cpp, line 516]
Event: 28.081 Thread 0x000001d81a969c40 Exception <a 'sun/nio/fs/WindowsException'{0x00000000eacb6508}> (0x00000000eacb6508) 
thrown [s\src\hotspot\share\prims\jni.cpp, line 516]
Event: 28.103 Thread 0x000001d81a969c40 Exception <a 'sun/nio/fs/WindowsException'{0x00000000ead7bc40}> (0x00000000ead7bc40) 
thrown [s\src\hotspot\share\prims\jni.cpp, line 516]
Event: 28.119 Thread 0x000001d81a969c40 Exception <a 'sun/nio/fs/WindowsException'{0x00000000eabbd030}> (0x00000000eabbd030) 
thrown [s\src\hotspot\share\prims\jni.cpp, line 516]
Event: 28.123 Thread 0x000001d81a969c40 Exception <a 'sun/nio/fs/WindowsException'{0x00000000eac03f28}> (0x00000000eac03f28) 
thrown [s\src\hotspot\share\prims\jni.cpp, line 516]
Event: 28.128 Thread 0x000001d81a969c40 Implicit null exception at 0x000001d80aa5f6c0 to 0x000001d80aa64fcc
Event: 28.466 Thread 0x000001d81a969c40 Implicit null exception at 0x000001d80ad29075 to 0x000001d80ad2974c
Event: 45.982 Thread 0x000001d81c674650 Exception <a 'java/lang/NoSuchMethodError'{0x00000000eac45928}: 'void java.lang.invoke.DirectMethodHandle$Holder.invokeSpecial(java.lang.Object, java.lang.Object, java.lang.Object, java.lang.Object, java.lang.Object)'> (0x00000000eac45928) 
thrown [s\src\hotspot\share\interpreter\linkResolver.cpp, line 759]
Event: 46.854 Thread 0x000001d81c6722e0 Exception <a 'java/io/FileNotFoundException'{0x00000000eabdf3e8}> (0x00000000eabdf3e8) 
thrown [s\src\hotspot\share\prims\jni.cpp, line 516]
Event: 47.127 Thread 0x000001d81c6722e0 Exception <a 'java/lang/NoSuchMethodError'{0x00000000eac13108}: 'java.lang.Object java.lang.invoke.DirectMethodHandle$Holder.invokeVirtual(java.lang.Object, java.lang.Object, java.lang.Object, java.lang.Object)'> (0x00000000eac13108) 
thrown [s\src\hotspot\share\interpreter\linkResolver.cpp, line 759]
Event: 47.176 Thread 0x000001d81c66e620 Exception <a 'java/lang/NoSuchMethodError'{0x00000000eacffff8}: 'java.lang.Object java.lang.invoke.DirectMethodHandle$Holder.invokeStatic(java.lang.Object, long, java.lang.Object, java.lang.Object)'> (0x00000000eacffff8) 
thrown [s\src\hotspot\share\interpreter\linkResolver.cpp, line 759]
Event: 47.202 Thread 0x000001d81c66e620 Exception <a 'sun/nio/fs/WindowsException'{0x00000000eada1550}> (0x00000000eada1550) 
thrown [s\src\hotspot\share\prims\jni.cpp, line 516]
Event: 47.202 Thread 0x000001d81c66e620 Exception <a 'sun/nio/fs/WindowsException'{0x00000000eada1820}> (0x00000000eada1820) 
thrown [s\src\hotspot\share\prims\jni.cpp, line 516]
Event: 47.202 Thread 0x000001d81c66e620 Exception <a 'sun/nio/fs/WindowsException'{0x00000000eada2dd0}> (0x00000000eada2dd0) 
thrown [s\src\hotspot\share\prims\jni.cpp, line 516]
Event: 47.202 Thread 0x000001d81c66e620 Exception <a 'sun/nio/fs/WindowsException'{0x00000000eada30a0}> (0x00000000eada30a0) 
thrown [s\src\hotspot\share\prims\jni.cpp, line 516]
Event: 48.593 Thread 0x000001d81c66ff70 Exception <a 'sun/nio/fs/WindowsException'{0x00000000eabd5ce0}> (0x00000000eabd5ce0) 
thrown [s\src\hotspot\share\prims\jni.cpp, line 516]
Event: 48.593 Thread 0x000001d81c66ff70 Exception <a 'sun/nio/fs/WindowsException'{0x00000000eabd5f38}> (0x00000000eabd5f38) 
thrown [s\src\hotspot\share\prims\jni.cpp, line 516]
Event: 48.666 Thread 0x000001d81c66ff70 Exception <a 'sun/nio/fs/WindowsException'{0x00000000eabeccc0}> (0x00000000eabeccc0) 
thrown [s\src\hotspot\share\prims\jni.cpp, line 516]
Event: 48.666 Thread 0x000001d81c66ff70 Exception <a 'sun/nio/fs/WindowsException'{0x00000000eabecef8}> (0x00000000eabecef8) 
thrown [s\src\hotspot\share\prims\jni.cpp, line 516]

VM Operations (20 events):
Event: 106.721 Executing VM operation: Cleanup
Event: 106.721 Executing VM operation: Cleanup done
Event: 116.820 Executing VM operation: Cleanup
Event: 116.820 Executing VM operation: Cleanup done
Event: 120.356 Executing VM operation: HandshakeAllThreads
Event: 120.356 Executing VM operation: HandshakeAllThreads done
Event: 148.636 Executing VM operation: Cleanup
Event: 148.636 Executing VM operation: Cleanup done
Event: 180.475 Executing VM operation: HandshakeAllThreads
Event: 180.476 Executing VM operation: HandshakeAllThreads done
Event: 240.491 Executing VM operation: HandshakeAllThreads
Event: 240.492 Executing VM operation: HandshakeAllThreads done
Event: 256.651 Executing VM operation: Cleanup
Event: 256.651 Executing VM operation: Cleanup done
Event: 258.663 Executing VM operation: Cleanup
Event: 258.663 Executing VM operation: Cleanup done
Event: 300.560 Executing VM operation: HandshakeAllThreads
Event: 300.560 Executing VM operation: HandshakeAllThreads done
Event: 303.562 Executing VM operation: Cleanup
Event: 303.562 Executing VM operation: Cleanup done

Events (20 events):
Event: 48.593 loading class java/util/stream/IntPipeline$1$1
Event: 48.593 loading class java/util/stream/IntPipeline$1$1 done
Event: 48.706 loading class java/lang/ProcessHandleImpl$ExitCompletion
Event: 48.706 loading class java/lang/ProcessHandleImpl$ExitCompletion done
Event: 48.706 loading class java/lang/ProcessHandleImpl$1
Event: 48.706 loading class java/lang/ProcessHandleImpl$1 done
Event: 48.707 Thread 0x000001d81c675fa0 Thread added: 0x000001d81c675fa0
Event: 48.707 loading class java/util/concurrent/CompletableFuture$UniHandle
Event: 48.707 loading class java/util/concurrent/CompletableFuture$UniHandle done
Event: 48.709 Thread 0x000001d81c66ff70 Thread exited: 0x000001d81c66ff70
Event: 48.811 loading class java/text/NumberFormat$Field
Event: 48.811 loading class java/text/NumberFormat$Field done
Event: 88.127 Thread 0x000001d81a9678d0 Thread exited: 0x000001d81a9678d0
Event: 88.127 Thread 0x000001d81c6727f0 Thread exited: 0x000001d81c6727f0
Event: 88.127 Thread 0x000001d81c670ea0 Thread exited: 0x000001d81c670ea0
Event: 88.470 Thread 0x000001d81a969220 Thread exited: 0x000001d81a969220
Event: 106.785 Thread 0x000001d81c674650 Thread exited: 0x000001d81c674650
Event: 166.799 Thread 0x000001d81c6713b0 Thread exited: 0x000001d81c6713b0
Event: 226.808 Thread 0x000001d81c66f550 Thread exited: 0x000001d81c66f550
Event: 286.816 Thread 0x000001d81c6718c0 Thread exited: 0x000001d81c6718c0


Dynamic libraries:
0x00007ff7ba8d0000 - 0x00007ff7ba8de000 	c:\Users\UserK\.vscode\extensions\redhat.java-1.28.1-win32-x64\jre\17.0.10-win32-x86_64\bin\java.exe
0x00007fffd34f0000 - 0x00007fffd3704000 	C:\Windows\SYSTEM32\ntdll.dll
0x00007fffd2300000 - 0x00007fffd23c2000 	C:\Windows\System32\KERNEL32.DLL
0x00007fffd0d10000 - 0x00007fffd10b3000 	C:\Windows\System32\KERNELBASE.dll
0x00007fffd0940000 - 0x00007fffd0a51000 	C:\Windows\System32\ucrtbase.dll
0x00007fffc9950000 - 0x00007fffc9967000 	c:\Users\UserK\.vscode\extensions\redhat.java-1.28.1-win32-x64\jre\17.0.10-win32-x86_64\bin\jli.dll
0x00007fffd3300000 - 0x00007fffd34ab000 	C:\Windows\System32\USER32.dll
0x00007fffd0910000 - 0x00007fffd0936000 	C:\Windows\System32\win32u.dll
0x00007fffd22d0000 - 0x00007fffd22f9000 	C:\Windows\System32\GDI32.dll
0x00007fffd0bf0000 - 0x00007fffd0d08000 	C:\Windows\System32\gdi32full.dll
0x00007fffd0a60000 - 0x00007fffd0afa000 	C:\Windows\System32\msvcp_win.dll
0x00007fffc97c0000 - 0x00007fffc97db000 	c:\Users\UserK\.vscode\extensions\redhat.java-1.28.1-win32-x64\jre\17.0.10-win32-x86_64\bin\VCRUNTIME140.dll
0x00007fffaa480000 - 0x00007fffaa70e000 	C:\Windows\WinSxS\amd64_microsoft.windows.common-controls_6595b64144ccf1df_6.0.22621.1635_none_270f70857386168e\COMCTL32.dll
0x00007fffd3250000 - 0x00007fffd32f7000 	C:\Windows\System32\msvcrt.dll
0x00007fffd1e50000 - 0x00007fffd1e81000 	C:\Windows\System32\IMM32.DLL
0x00007fffc9b80000 - 0x00007fffc9b8c000 	c:\Users\UserK\.vscode\extensions\redhat.java-1.28.1-win32-x64\jre\17.0.10-win32-x86_64\bin\vcruntime140_1.dll
0x00007fffb2950000 - 0x00007fffb29dd000 	c:\Users\UserK\.vscode\extensions\redhat.java-1.28.1-win32-x64\jre\17.0.10-win32-x86_64\bin\msvcp140.dll
0x00007fff7dbd0000 - 0x00007fff7e832000 	c:\Users\UserK\.vscode\extensions\redhat.java-1.28.1-win32-x64\jre\17.0.10-win32-x86_64\bin\server\jvm.dll
0x00007fffd20a0000 - 0x00007fffd214e000 	C:\Windows\System32\ADVAPI32.dll
0x00007fffd12f0000 - 0x00007fffd1394000 	C:\Windows\System32\sechost.dll
0x00007fffd2fc0000 - 0x00007fffd30d7000 	C:\Windows\System32\RPCRT4.dll
0x00007fffb0020000 - 0x00007fffb0029000 	C:\Windows\SYSTEM32\WSOCK32.dll
0x00007fffcf820000 - 0x00007fffcf86d000 	C:\Windows\SYSTEM32\POWRPROF.dll
0x00007fffd13a0000 - 0x00007fffd1411000 	C:\Windows\System32\WS2_32.dll
0x00007fffc9610000 - 0x00007fffc961a000 	C:\Windows\SYSTEM32\VERSION.dll
0x00007fffc9630000 - 0x00007fffc9664000 	C:\Windows\SYSTEM32\WINMM.dll
0x00007fffcf800000 - 0x00007fffcf813000 	C:\Windows\SYSTEM32\UMPDC.dll
0x00007fffcfa50000 - 0x00007fffcfa68000 	C:\Windows\SYSTEM32\kernel.appcore.dll
0x00007fffc82e0000 - 0x00007fffc82ea000 	c:\Users\UserK\.vscode\extensions\redhat.java-1.28.1-win32-x64\jre\17.0.10-win32-x86_64\bin\jimage.dll
0x00007fffc61b0000 - 0x00007fffc63de000 	C:\Windows\SYSTEM32\DBGHELP.DLL
0x00007fffd23e0000 - 0x00007fffd2769000 	C:\Windows\System32\combase.dll
0x00007fffd3170000 - 0x00007fffd3247000 	C:\Windows\System32\OLEAUT32.dll
0x00007fffbb1b0000 - 0x00007fffbb1e2000 	C:\Windows\SYSTEM32\dbgcore.DLL
0x00007fffd0b00000 - 0x00007fffd0b7b000 	C:\Windows\System32\bcryptPrimitives.dll
0x00007fffc1080000 - 0x00007fffc108e000 	c:\Users\UserK\.vscode\extensions\redhat.java-1.28.1-win32-x64\jre\17.0.10-win32-x86_64\bin\instrument.dll
0x00007fffb33f0000 - 0x00007fffb3415000 	c:\Users\UserK\.vscode\extensions\redhat.java-1.28.1-win32-x64\jre\17.0.10-win32-x86_64\bin\java.dll
0x00007fffc0e90000 - 0x00007fffc0ea8000 	c:\Users\UserK\.vscode\extensions\redhat.java-1.28.1-win32-x64\jre\17.0.10-win32-x86_64\bin\zip.dll
0x00007fffd1650000 - 0x00007fffd1e4a000 	C:\Windows\System32\SHELL32.dll
0x00007fffce920000 - 0x00007fffcf1ee000 	C:\Windows\SYSTEM32\windows.storage.dll
0x00007fffce7e0000 - 0x00007fffce91e000 	C:\Windows\SYSTEM32\wintypes.dll
0x00007fffd2780000 - 0x00007fffd2871000 	C:\Windows\System32\SHCORE.dll
0x00007fffd2150000 - 0x00007fffd21ae000 	C:\Windows\System32\shlwapi.dll
0x00007fffd0840000 - 0x00007fffd0861000 	C:\Windows\SYSTEM32\profapi.dll
0x00007fffc11c0000 - 0x00007fffc11d9000 	C:\Users\UserK\.vscode\extensions\redhat.java-1.28.1-win32-x64\jre\17.0.10-win32-x86_64\bin\net.dll
0x00007fffca800000 - 0x00007fffca937000 	C:\Windows\SYSTEM32\WINHTTP.dll
0x00007fffcfec0000 - 0x00007fffcff29000 	C:\Windows\system32\mswsock.dll
0x00007fffc0cc0000 - 0x00007fffc0cd6000 	C:\Users\UserK\.vscode\extensions\redhat.java-1.28.1-win32-x64\jre\17.0.10-win32-x86_64\bin\nio.dll
0x00007fffc1070000 - 0x00007fffc1080000 	c:\Users\UserK\.vscode\extensions\redhat.java-1.28.1-win32-x64\jre\17.0.10-win32-x86_64\bin\verify.dll
0x00007fffb3360000 - 0x00007fffb339e000 	C:\Users\UserK\AppData\Roaming\Code\User\globalStorage\redhat.java\1.28.1\config_win\org.eclipse.equinox.launcher\org.eclipse.equinox.launcher.win32.win32.x86_64_1.2.900.v20240129-1338\eclipse_11900.dll
0x00007fffd1420000 - 0x00007fffd15bc000 	C:\Windows\System32\ole32.dll
0x00007fffd0120000 - 0x00007fffd013b000 	C:\Windows\SYSTEM32\CRYPTSP.dll
0x00007fffcf9c0000 - 0x00007fffcf9f5000 	C:\Windows\system32\rsaenh.dll
0x00007fffcffc0000 - 0x00007fffcffe8000 	C:\Windows\SYSTEM32\USERENV.dll
0x00007fffd02e0000 - 0x00007fffd0308000 	C:\Windows\SYSTEM32\bcrypt.dll
0x00007fffd0140000 - 0x00007fffd014c000 	C:\Windows\SYSTEM32\CRYPTBASE.dll
0x00007fffcf500000 - 0x00007fffcf52d000 	C:\Windows\SYSTEM32\IPHLPAPI.DLL
0x00007fffd2770000 - 0x00007fffd2779000 	C:\Windows\System32\NSI.dll
0x00007fffca6a0000 - 0x00007fffca6b9000 	C:\Windows\SYSTEM32\dhcpcsvc6.DLL
0x00007fffca680000 - 0x00007fffca69f000 	C:\Windows\SYSTEM32\dhcpcsvc.DLL
0x00007fffcf580000 - 0x00007fffcf673000 	C:\Windows\SYSTEM32\DNSAPI.dll
0x00007fffb2810000 - 0x00007fffb2855000 	C:\Users\UserK\AppData\Local\Temp\jna-82025920\jna4257404451970277032.dll
0x00007fffd1fb0000 - 0x00007fffd1fb8000 	C:\Windows\System32\PSAPI.DLL
0x00007fffca140000 - 0x00007fffca149000 	C:\Users\UserK\.vscode\extensions\redhat.java-1.28.1-win32-x64\jre\17.0.10-win32-x86_64\bin\extnet.dll

dbghelp: loaded successfully - version: 4.0.5 - missing functions: none
symbol engine: initialized successfully - sym options: 0x614 - pdb path: .;c:\Users\UserK\.vscode\extensions\redhat.java-1.28.1-win32-x64\jre\17.0.10-win32-x86_64\bin;C:\Windows\SYSTEM32;C:\Windows\WinSxS\amd64_microsoft.windows.common-controls_6595b64144ccf1df_6.0.22621.1635_none_270f70857386168e;c:\Users\UserK\.vscode\extensions\redhat.java-1.28.1-win32-x64\jre\17.0.10-win32-x86_64\bin\server;C:\Users\UserK\AppData\Roaming\Code\User\globalStorage\redhat.java\1.28.1\config_win\org.eclipse.equinox.launcher\org.eclipse.equinox.launcher.win32.win32.x86_64_1.2.900.v20240129-1338;C:\Users\UserK\AppData\Local\Temp\jna-82025920

VM Arguments:
jvm_args: --add-modules=ALL-SYSTEM --add-opens=java.base/java.util=ALL-UNNAMED --add-opens=java.base/java.lang=ALL-UNNAMED --add-opens=java.base/sun.nio.fs=ALL-UNNAMED -Declipse.application=org.eclipse.jdt.ls.core.id1 -Dosgi.bundles.defaultStartLevel=4 -Declipse.product=org.eclipse.jdt.ls.core.product -Djava.import.generatesMetadataFilesAtProjectRoot=false -DDetectVMInstallationsJob.disabled=true -Dfile.encoding=utf8 -XX:+UseParallelGC -XX:GCTimeRatio=4 -XX:AdaptiveSizePolicyWeight=90 -Dsun.zip.disableMemoryMapping=true -Xmx1G -Xms100m -Xlog:disable -javaagent:c:\Users\UserK\.vscode\extensions\redhat.java-1.28.1-win32-x64\lombok\lombok-1.18.31.jar -XX:+HeapDumpOnOutOfMemoryError -XX:HeapDumpPath=c:\Users\UserK\AppData\Roaming\Code\User\workspaceStorage\641e2baa106bb652277f1b18439bb259\redhat.java -Daether.dependencyCollector.impl=bf 
java_command: c:\Users\UserK\.vscode\extensions\redhat.java-1.28.1-win32-x64\server\plugins\org.eclipse.equinox.launcher_1.6.700.v20231214-2017.jar -configuration c:\Users\UserK\AppData\Roaming\Code\User\globalStorage\redhat.java\1.28.1\config_win -data c:\Users\UserK\AppData\Roaming\Code\User\workspaceStorage\641e2baa106bb652277f1b18439bb259\redhat.java\jdt_ws --stdio
java_class_path (initial): c:\Users\UserK\.vscode\extensions\redhat.java-1.28.1-win32-x64\server\plugins\org.eclipse.equinox.launcher_1.6.700.v20231214-2017.jar
Launcher Type: SUN_STANDARD

[Global flags]
    uintx AdaptiveSizePolicyWeight                 = 90                                        {product} {command line}
     intx CICompilerCount                          = 4                                         {product} {ergonomic}
    uintx GCTimeRatio                              = 4                                         {product} {command line}
     bool HeapDumpOnOutOfMemoryError               = true                                   {manageable} {command line}
    ccstr HeapDumpPath                             = c:\Users\UserK\AppData\Roaming\Code\User\workspaceStorage\641e2baa106bb652277f1b18439bb259\redhat.java         {manageable} {command line}
   size_t InitialHeapSize                          = 104857600                                 {product} {command line}
   size_t MaxHeapSize                              = 1073741824                                {product} {command line}
   size_t MaxNewSize                               = 357564416                                 {product} {ergonomic}
   size_t MinHeapDeltaBytes                        = 524288                                    {product} {ergonomic}
   size_t MinHeapSize                              = 104857600                                 {product} {command line}
   size_t NewSize                                  = 34603008                                  {product} {ergonomic}
    uintx NonNMethodCodeHeapSize                   = 5839372                                {pd product} {ergonomic}
    uintx NonProfiledCodeHeapSize                  = 122909434                              {pd product} {ergonomic}
   size_t OldSize                                  = 70254592                                  {product} {ergonomic}
    uintx ProfiledCodeHeapSize                     = 122909434                              {pd product} {ergonomic}
    uintx ReservedCodeCacheSize                    = 251658240                              {pd product} {ergonomic}
     bool SegmentedCodeCache                       = true                                      {product} {ergonomic}
   size_t SoftMaxHeapSize                          = 1073741824                             {manageable} {ergonomic}
     bool UseCompressedClassPointers               = true                           {product lp64_product} {ergonomic}
     bool UseCompressedOops                        = true                           {product lp64_product} {ergonomic}
     bool UseLargePagesIndividualAllocation        = false                                  {pd product} {ergonomic}
     bool UseParallelGC                            = true                                      {product} {command line}

Logging:
Log output configuration:
 #0: stdout all=off uptime,level,tags
 #1: stderr all=off uptime,level,tags

Environment Variables:
JAVA_HOME=C:\Program Files\Java\jdk-17.0.6
CLASSPATH=C:\Program Files\Java\jdk-17.0.6\lib
PATH=C:\Program Files\Common Files\Oracle\Java\javapath;C:\Python312\Scripts\;C:\Python312\;C:\Program Files\Java\jdk-17.0.6\bin;C:\Users\UserK\AppData\Local\Microsoft\WindowsApps;C:\Users\UserK\AppData\Local\Programs\Microsoft VS Code\bin;C:\Users\UserK\AppData\Roaming\npm;C:\Program Files\nodejs\;C:\ProgramData\chocolatey\bin;C:\Users\UserK\AppData\Local\Microsoft\WindowsApps;;C:\Users\UserK\AppData\Local\Programs\Microsoft VS Code\bin;C:\Users\UserK\AppData\Roaming\npm
USERNAME=UserK
OS=Windows_NT
PROCESSOR_IDENTIFIER=Intel64 Family 6 Model 166 Stepping 0, GenuineIntel
TMP=C:\Users\UserK\AppData\Local\Temp
TEMP=C:\Users\UserK\AppData\Local\Temp



Periodic native trim disabled


---------------  S Y S T E M  ---------------

OS:
 Windows 11 , 64 bit Build 22621 (10.0.22621.1635)
OS uptime: 3 days 23:20 hours

CPU: total 8 (initial active 8) (4 cores per cpu, 2 threads per core) family 6 model 166 stepping 0 microcode 0xe0, cx8, cmov, fxsr, ht, mmx, 3dnowpref, sse, sse2, sse3, ssse3, sse4.1, sse4.2, popcnt, lzcnt, tsc, tscinvbit, avx, avx2, aes, erms, clmul, bmi1, bmi2, adx, fma, vzeroupper, clflush, clflushopt
Processor Information for all 8 processors :
  Max Mhz: 2112, Current Mhz: 1609, Mhz Limit: 1605

Memory: 4k page, system-wide physical 16198M (7592M free)
TotalPageFile size 38790M (AvailPageFile size 3M)
current process WorkingSet (physical memory assigned to process): 523M, peak: 719M
current process commit charge ("private bytes"): 435M, peak: 640M

vm_info: OpenJDK 64-Bit Server VM (17.0.10+7) for windows-amd64 JRE (17.0.10+7), built on Jan 16 2024 23:25:11 by "admin" with MS VC++ 16.10 / 16.11 (VS2019)

END.
